{"uid":"2a41c493f6cd54c8","name":"testPasswordMismatchValidationError()","fullName":"partedacomunidade.tests.VaadinFormExampleDemoVaadTest.testPasswordMismatchValidationError","historyId":"7efe41543743dcc092af0d8524d07b24","time":{"start":1764270682485,"stop":1764270693425,"duration":10940},"description":"","status":"failed","statusMessage":"Invalid element state [html > body > vaadin-vertical-layout > vaadin-form-layout > vaadin-password-field:nth-of-type(1)]: invalid element state\r\nScreenshot: file:/C:/Users/Lara/Desktop/uni/3ยบ%20Ano/Engenharia%20de%20Software/BlackBoxTesting/build/reports/tests/1764270692968.0.png\r\nPage source: file:/C:/Users/Lara/Desktop/uni/3ยบ%20Ano/Engenharia%20de%20Software/BlackBoxTesting/build/reports/tests/1764270692968.0.html\r\nTimeout: 4 s.\r\nCaused by: InvalidElementStateException: invalid element state","statusTrace":"Invalid element state [html > body > vaadin-vertical-layout > vaadin-form-layout > vaadin-password-field:nth-of-type(1)]: invalid element state\r\nScreenshot: file:/C:/Users/Lara/Desktop/uni/3ยบ%20Ano/Engenharia%20de%20Software/BlackBoxTesting/build/reports/tests/1764270692968.0.png\r\nPage source: file:/C:/Users/Lara/Desktop/uni/3ยบ%20Ano/Engenharia%20de%20Software/BlackBoxTesting/build/reports/tests/1764270692968.0.html\r\nTimeout: 4 s.\r\nCaused by: InvalidElementStateException: invalid element state\r\n\tat com.codeborne.selenide.impl.ExceptionWrapper.wrap(ExceptionWrapper.java:19)\r\n\tat com.codeborne.selenide.impl.SelenideElementProxy.dispatchAndRetry(SelenideElementProxy.java:153)\r\n\tat com.codeborne.selenide.impl.SelenideElementProxy.invoke(SelenideElementProxy.java:83)\r\n\tat jdk.proxy1/jdk.proxy1.$Proxy11.setValue(Unknown Source)\r\n\tat partedacomunidade.tests.VaadinFormExampleDemoVaadTest.testPasswordMismatchValidationError(VaadinFormExampleDemoVaadTest.java:32)\r\n\tat java.base/java.lang.reflect.Method.invoke(Method.java:569)\r\n\tat java.base/java.util.ArrayList.forEach(ArrayList.java:1511)\r\n\tat java.base/java.util.ArrayList.forEach(ArrayList.java:1511)\r\nCaused by: org.openqa.selenium.InvalidElementStateException: invalid element state\n  (Session info: chrome=142.0.7444.175)\nBuild info: version: '4.26.0', revision: '8ccf0219d7'\nSystem info: os.name: 'Windows 11', os.arch: 'amd64', os.version: '10.0', java.version: '17.0.17'\nDriver info: org.openqa.selenium.chrome.ChromeDriver\nCommand: [8e8cb19391e2aeaaec504ade24a7579a, clearElement {id=f.0EFE43D2D2632AA4AE1F9BD5C877C17C.d.9353075F49065AEF3151C12FA6805FC3.e.20}]\nCapabilities {acceptInsecureCerts: true, browserName: chrome, browserVersion: 142.0.7444.175, chrome: {chromedriverVersion: 142.0.7444.175 (302067f14a4..., userDataDir: C:\\Users\\Lara\\AppData\\Local...}, fedcm:accounts: true, goog:chromeOptions: {debuggerAddress: localhost:50528}, goog:processID: 3032, networkConnectionEnabled: false, pageLoadStrategy: normal, platformName: windows, proxy: Proxy(), se:cdp: ws://localhost:50528/devtoo..., se:cdpVersion: 142.0.7444.175, setWindowRect: true, strictFileInteractability: false, timeouts: {implicit: 0, pageLoad: 300000, script: 30000}, unhandledPromptBehavior: accept, webauthn:extension:credBlob: true, webauthn:extension:largeBlob: true, webauthn:extension:minPinLength: true, webauthn:extension:prf: true, webauthn:virtualAuthenticators: true}\nElement: [[ChromeDriver: chrome on windows (8e8cb19391e2aeaaec504ade24a7579a)] -> css selector: html > body > vaadin-vertical-layout > vaadin-form-layout > vaadin-password-field:nth-of-type(1)]\nSession ID: 8e8cb19391e2aeaaec504ade24a7579a\r\n\tat java.base/jdk.internal.reflect.NativeConstructorAccessorImpl.newInstance0(Native Method)\r\n\tat java.base/jdk.internal.reflect.NativeConstructorAccessorImpl.newInstance(NativeConstructorAccessorImpl.java:77)\r\n\tat java.base/jdk.internal.reflect.DelegatingConstructorAccessorImpl.newInstance(DelegatingConstructorAccessorImpl.java:45)\r\n\tat java.base/java.lang.reflect.Constructor.newInstanceWithCaller(Constructor.java:500)\r\n\tat java.base/java.lang.reflect.Constructor.newInstance(Constructor.java:481)\r\n\tat org.openqa.selenium.remote.ErrorCodec.decode(ErrorCodec.java:167)\r\n\tat org.openqa.selenium.remote.codec.w3c.W3CHttpResponseCodec.decode(W3CHttpResponseCodec.java:138)\r\n\tat org.openqa.selenium.remote.codec.w3c.W3CHttpResponseCodec.decode(W3CHttpResponseCodec.java:50)\r\n\tat org.openqa.selenium.remote.HttpCommandExecutor.execute(HttpCommandExecutor.java:190)\r\n\tat org.openqa.selenium.remote.service.DriverCommandExecutor.invokeExecute(DriverCommandExecutor.java:216)\r\n\tat org.openqa.selenium.remote.service.DriverCommandExecutor.execute(DriverCommandExecutor.java:174)\r\n\tat org.openqa.selenium.remote.RemoteWebDriver.execute(RemoteWebDriver.java:545)\r\n\tat org.openqa.selenium.remote.RemoteWebElement.execute(RemoteWebElement.java:223)\r\n\tat org.openqa.selenium.remote.RemoteWebElement.clear(RemoteWebElement.java:129)\r\n\tat com.codeborne.selenide.commands.Clear.clear(Clear.java:63)\r\n\tat com.codeborne.selenide.commands.SetValue.setValueForTextInput(SetValue.java:64)\r\n\tat com.codeborne.selenide.commands.SetValue.execute(SetValue.java:38)\r\n\tat com.codeborne.selenide.FluentCommand.execute(FluentCommand.java:23)\r\n\tat com.codeborne.selenide.FluentCommand.execute(FluentCommand.java:19)\r\n\tat com.codeborne.selenide.commands.Commands.execute(Commands.java:159)\r\n\tat com.codeborne.selenide.impl.SelenideElementProxy.dispatchAndRetry(SelenideElementProxy.java:131)\r\n\t... 6 more\r\n","flaky":false,"newFailed":false,"newBroken":false,"newPassed":false,"retriesCount":0,"retriesStatusChange":false,"beforeStages":[],"afterStages":[],"labels":[{"name":"junit.platform.uniqueid","value":"[engine:junit-jupiter]/[class:partedacomunidade.tests.VaadinFormExampleDemoVaadTest]/[method:testPasswordMismatchValidationError()]"},{"name":"host","value":"LAPTOP-F4URC6J0"},{"name":"thread","value":"23136@LAPTOP-F4URC6J0.main(1)"},{"name":"framework","value":"junit-platform"},{"name":"language","value":"java"},{"name":"package","value":"partedacomunidade.tests.VaadinFormExampleDemoVaadTest"},{"name":"testClass","value":"partedacomunidade.tests.VaadinFormExampleDemoVaadTest"},{"name":"testMethod","value":"testPasswordMismatchValidationError"},{"name":"suite","value":"partedacomunidade.tests.VaadinFormExampleDemoVaadTest"},{"name":"resultFormat","value":"allure2"}],"parameters":[],"links":[],"hidden":true,"retry":true,"extra":{"categories":[],"tags":[]},"source":"2a41c493f6cd54c8.json","parameterValues":[]}