{"uid":"eceb950a56ce2d82","name":"testSuccessfulJoinCommunityWithEmail()","fullName":"partedacomunidade.tests.VaadinFormExampleDemoVaadTest.testSuccessfulJoinCommunityWithEmail","historyId":"24bf1552c34f8c16f11316e30d086707","time":{"start":1764281327598,"stop":1764281344325,"duration":16727},"description":"","status":"failed","statusMessage":"Element not found {vaadin-notification-card[theme='success']}\r\nExpected: exist\r\nScreenshot: file:/C:/Users/Lara/Desktop/uni/3ยบ%20Ano/Engenharia%20de%20Software/BlackBoxTesting/build/reports/tests/1764281343918.0.png\r\nPage source: file:/C:/Users/Lara/Desktop/uni/3ยบ%20Ano/Engenharia%20de%20Software/BlackBoxTesting/build/reports/tests/1764281343918.0.html\r\nTimeout: 10 s.\r\nCaused by: NoSuchElementException: no such element: Unable to locate element: {\"method\":\"css selector\",\"selector\":\"vaadin-notification-card[theme='success']\"}","statusTrace":"Element not found {vaadin-notification-card[theme='success']}\r\nExpected: exist\r\nScreenshot: file:/C:/Users/Lara/Desktop/uni/3ยบ%20Ano/Engenharia%20de%20Software/BlackBoxTesting/build/reports/tests/1764281343918.0.png\r\nPage source: file:/C:/Users/Lara/Desktop/uni/3ยบ%20Ano/Engenharia%20de%20Software/BlackBoxTesting/build/reports/tests/1764281343918.0.html\r\nTimeout: 10 s.\r\nCaused by: NoSuchElementException: no such element: Unable to locate element: {\"method\":\"css selector\",\"selector\":\"vaadin-notification-card[theme='success']\"}\r\n\tat com.codeborne.selenide.impl.WebElementSource.createElementNotFoundError(WebElementSource.java:68)\r\n\tat com.codeborne.selenide.impl.ElementFinder.createElementNotFoundError(ElementFinder.java:117)\r\n\tat com.codeborne.selenide.impl.ExceptionWrapper.wrap(ExceptionWrapper.java:25)\r\n\tat com.codeborne.selenide.impl.SelenideElementProxy.dispatchAndRetry(SelenideElementProxy.java:153)\r\n\tat com.codeborne.selenide.impl.SelenideElementProxy.invoke(SelenideElementProxy.java:83)\r\n\tat jdk.proxy1/jdk.proxy1.$Proxy11.getWrappedElement(Unknown Source)\r\n\tat partedacomunidade.pages.VaadinFormExampleDemoVaadPage.getNotificationText(VaadinFormExampleDemoVaadPage.java:59)\r\n\tat partedacomunidade.tests.VaadinFormExampleDemoVaadTest.testSuccessfulJoinCommunityWithEmail(VaadinFormExampleDemoVaadTest.java:48)\r\n\tat java.base/java.lang.reflect.Method.invoke(Method.java:569)\r\n\tat java.base/java.util.ArrayList.forEach(ArrayList.java:1511)\r\n\tat java.base/java.util.ArrayList.forEach(ArrayList.java:1511)\r\nCaused by: org.openqa.selenium.NoSuchElementException: no such element: Unable to locate element: {\"method\":\"css selector\",\"selector\":\"vaadin-notification-card[theme='success']\"}\n  (Session info: chrome=142.0.7444.175)\nFor documentation on this error, please visit: https://www.selenium.dev/documentation/webdriver/troubleshooting/errors#no-such-element-exception\nBuild info: version: '4.26.0', revision: '8ccf0219d7'\nSystem info: os.name: 'Windows 11', os.arch: 'amd64', os.version: '10.0', java.version: '17.0.17'\nDriver info: org.openqa.selenium.chrome.ChromeDriver\nCommand: [c8aae9e3cbbb4951ef5d7cf11f80e5b2, findElement {using=css selector, value=vaadin-notification-card[theme='success']}]\nCapabilities {acceptInsecureCerts: true, browserName: chrome, browserVersion: 142.0.7444.175, chrome: {chromedriverVersion: 142.0.7444.175 (302067f14a4..., userDataDir: C:\\Users\\Lara\\AppData\\Local...}, fedcm:accounts: true, goog:chromeOptions: {debuggerAddress: localhost:49684}, goog:processID: 17940, networkConnectionEnabled: false, pageLoadStrategy: normal, platformName: windows, proxy: Proxy(), se:cdp: ws://localhost:49684/devtoo..., se:cdpVersion: 142.0.7444.175, setWindowRect: true, strictFileInteractability: false, timeouts: {implicit: 0, pageLoad: 300000, script: 30000}, unhandledPromptBehavior: accept, webauthn:extension:credBlob: true, webauthn:extension:largeBlob: true, webauthn:extension:minPinLength: true, webauthn:extension:prf: true, webauthn:virtualAuthenticators: true}\nSession ID: c8aae9e3cbbb4951ef5d7cf11f80e5b2\r\n\tat jdk.internal.reflect.GeneratedConstructorAccessor13.newInstance(Unknown Source)\r\n\tat java.base/jdk.internal.reflect.DelegatingConstructorAccessorImpl.newInstance(DelegatingConstructorAccessorImpl.java:45)\r\n\tat java.base/java.lang.reflect.Constructor.newInstanceWithCaller(Constructor.java:500)\r\n\tat java.base/java.lang.reflect.Constructor.newInstance(Constructor.java:481)\r\n\tat org.openqa.selenium.remote.ErrorCodec.decode(ErrorCodec.java:167)\r\n\tat org.openqa.selenium.remote.codec.w3c.W3CHttpResponseCodec.decode(W3CHttpResponseCodec.java:138)\r\n\tat org.openqa.selenium.remote.codec.w3c.W3CHttpResponseCodec.decode(W3CHttpResponseCodec.java:50)\r\n\tat org.openqa.selenium.remote.HttpCommandExecutor.execute(HttpCommandExecutor.java:190)\r\n\tat org.openqa.selenium.remote.service.DriverCommandExecutor.invokeExecute(DriverCommandExecutor.java:216)\r\n\tat org.openqa.selenium.remote.service.DriverCommandExecutor.execute(DriverCommandExecutor.java:174)\r\n\tat org.openqa.selenium.remote.RemoteWebDriver.execute(RemoteWebDriver.java:545)\r\n\tat org.openqa.selenium.remote.ElementLocation$ElementFinder$2.findElement(ElementLocation.java:165)\r\n\tat org.openqa.selenium.remote.ElementLocation.findElement(ElementLocation.java:59)\r\n\tat org.openqa.selenium.remote.RemoteWebDriver.findElement(RemoteWebDriver.java:368)\r\n\tat org.openqa.selenium.remote.RemoteWebDriver.findElement(RemoteWebDriver.java:362)\r\n\tat com.codeborne.selenide.impl.WebElementSelector.findElement(WebElementSelector.java:64)\r\n\tat com.codeborne.selenide.impl.WebElementSelector.findElement(WebElementSelector.java:39)\r\n\tat com.codeborne.selenide.impl.WebElementSelector.findElement(WebElementSelector.java:30)\r\n\tat com.codeborne.selenide.impl.ElementFinder.getWebElement(ElementFinder.java:101)\r\n\tat com.codeborne.selenide.commands.GetWrappedElement.execute(GetWrappedElement.java:12)\r\n\tat com.codeborne.selenide.commands.GetWrappedElement.execute(GetWrappedElement.java:9)\r\n\tat com.codeborne.selenide.commands.Commands.execute(Commands.java:159)\r\n\tat com.codeborne.selenide.impl.SelenideElementProxy.dispatchAndRetry(SelenideElementProxy.java:131)\r\n\t... 7 more\r\n","flaky":false,"newFailed":false,"newBroken":false,"newPassed":false,"retriesCount":0,"retriesStatusChange":false,"beforeStages":[],"afterStages":[],"labels":[{"name":"junit.platform.uniqueid","value":"[engine:junit-jupiter]/[class:partedacomunidade.tests.VaadinFormExampleDemoVaadTest]/[method:testSuccessfulJoinCommunityWithEmail()]"},{"name":"host","value":"LAPTOP-F4URC6J0"},{"name":"thread","value":"15188@LAPTOP-F4URC6J0.main(1)"},{"name":"framework","value":"junit-platform"},{"name":"language","value":"java"},{"name":"package","value":"partedacomunidade.tests.VaadinFormExampleDemoVaadTest"},{"name":"testClass","value":"partedacomunidade.tests.VaadinFormExampleDemoVaadTest"},{"name":"testMethod","value":"testSuccessfulJoinCommunityWithEmail"},{"name":"suite","value":"partedacomunidade.tests.VaadinFormExampleDemoVaadTest"},{"name":"resultFormat","value":"allure2"}],"parameters":[],"links":[],"hidden":true,"retry":true,"extra":{"categories":[],"tags":[]},"source":"eceb950a56ce2d82.json","parameterValues":[]}