{"uuid":"8ce91e48-9215-4b2a-a1d2-726ccc68cc15","historyId":"4a20cb3a8e8e8546cd641d498f6e74b6","testCaseId":"[engine:junit-jupiter]/[class:org.example.blackboxtesting.LanguageChangeTest]/[method:testLanguageChange()]","testCaseName":"testLanguageChange()","fullName":"org.example.blackboxtesting.LanguageChangeTest.testLanguageChange","labels":[{"name":"junit.platform.uniqueid","value":"[engine:junit-jupiter]/[class:org.example.blackboxtesting.LanguageChangeTest]/[method:testLanguageChange()]"},{"name":"host","value":"MacBook-Pro-de-Bianca.local"},{"name":"thread","value":"1762@MacBook-Pro-de-Bianca.local.main(1)"},{"name":"framework","value":"junit-platform"},{"name":"language","value":"java"},{"name":"package","value":"org.example.blackboxtesting.LanguageChangeTest"},{"name":"testClass","value":"org.example.blackboxtesting.LanguageChangeTest"},{"name":"testMethod","value":"testLanguageChange"},{"name":"suite","value":"org.example.blackboxtesting.LanguageChangeTest"}],"links":[],"name":"testLanguageChange()","status":"failed","statusDetails":{"known":false,"muted":false,"flaky":false,"message":"Invalid element state [By.xpath: //span[text()='한국어']/parent::span[@data-test='list-item']]: element click intercepted: Element <span class=\"wt-list-item wt-list-item_placement_left wt-list-item_mode_cell wt-list-item_size_m wt-list-item_theme_dark wt-language-grid__language wt-language-grid__language_row_3 wt-language-grid__language_column_2\" data-test=\"list-item\">...</span> is not clickable at point (1015, 181). Other element would receive the click: <div class=\"ch2-container ch2-theme-default  ch2-style-light ch2-ea ch2-block\">...</div>\nScreenshot: file:/Users/biancacorreia/Library/CloudStorage/OneDrive-Pessoal/Documentos/LEI/3ºano/1º%20Semestre/Eng.Software/BlackBoxTesting/build/reports/tests/1764236547663.0.png\nPage source: file:/Users/biancacorreia/Library/CloudStorage/OneDrive-Pessoal/Documentos/LEI/3ºano/1º%20Semestre/Eng.Software/BlackBoxTesting/build/reports/tests/1764236547663.0.html\nTimeout: 4 s.\nCaused by: ElementClickInterceptedException: element click intercepted: Element <span class=\"wt-list-item wt-list-item_placement_left wt-list-item_mode_cell wt-list-item_size_m wt-list-item_theme_dark wt-language-grid__language wt-language-grid__language_row_3 wt-language-grid__language_column_2\" data-test=\"list-item\">...</span> is not clickable at point (1015, 181). Other element would receive the click: <div class=\"ch2-container ch2-theme-default  ch2-style-light ch2-ea ch2-block\">...</div>","trace":"Invalid element state [By.xpath: //span[text()='한국어']/parent::span[@data-test='list-item']]: element click intercepted: Element <span class=\"wt-list-item wt-list-item_placement_left wt-list-item_mode_cell wt-list-item_size_m wt-list-item_theme_dark wt-language-grid__language wt-language-grid__language_row_3 wt-language-grid__language_column_2\" data-test=\"list-item\">...</span> is not clickable at point (1015, 181). Other element would receive the click: <div class=\"ch2-container ch2-theme-default  ch2-style-light ch2-ea ch2-block\">...</div>\nScreenshot: file:/Users/biancacorreia/Library/CloudStorage/OneDrive-Pessoal/Documentos/LEI/3ºano/1º%20Semestre/Eng.Software/BlackBoxTesting/build/reports/tests/1764236547663.0.png\nPage source: file:/Users/biancacorreia/Library/CloudStorage/OneDrive-Pessoal/Documentos/LEI/3ºano/1º%20Semestre/Eng.Software/BlackBoxTesting/build/reports/tests/1764236547663.0.html\nTimeout: 4 s.\nCaused by: ElementClickInterceptedException: element click intercepted: Element <span class=\"wt-list-item wt-list-item_placement_left wt-list-item_mode_cell wt-list-item_size_m wt-list-item_theme_dark wt-language-grid__language wt-language-grid__language_row_3 wt-language-grid__language_column_2\" data-test=\"list-item\">...</span> is not clickable at point (1015, 181). Other element would receive the click: <div class=\"ch2-container ch2-theme-default  ch2-style-light ch2-ea ch2-block\">...</div>\n\tat com.codeborne.selenide.impl.ExceptionWrapper.wrap(ExceptionWrapper.java:19)\n\tat com.codeborne.selenide.impl.SelenideElementProxy.dispatchAndRetry(SelenideElementProxy.java:153)\n\tat com.codeborne.selenide.impl.SelenideElementProxy.invoke(SelenideElementProxy.java:83)\n\tat jdk.proxy1/jdk.proxy1.$Proxy11.click(Unknown Source)\n\tat org.example.blackboxtesting.LanguageChangeTest.testLanguageChange(LanguageChangeTest.java:45)\n\tat java.base/java.lang.reflect.Method.invoke(Method.java:569)\n\tat java.base/java.util.ArrayList.forEach(ArrayList.java:1511)\n\tat java.base/java.util.ArrayList.forEach(ArrayList.java:1511)\nCaused by: org.openqa.selenium.ElementClickInterceptedException: element click intercepted: Element <span class=\"wt-list-item wt-list-item_placement_left wt-list-item_mode_cell wt-list-item_size_m wt-list-item_theme_dark wt-language-grid__language wt-language-grid__language_row_3 wt-language-grid__language_column_2\" data-test=\"list-item\">...</span> is not clickable at point (1015, 181). Other element would receive the click: <div class=\"ch2-container ch2-theme-default  ch2-style-light ch2-ea ch2-block\">...</div>\n  (Session info: chrome=142.0.7444.176)\nBuild info: version: '4.26.0', revision: '8ccf0219d7'\nSystem info: os.name: 'Mac OS X', os.arch: 'aarch64', os.version: '26.1', java.version: '17.0.17'\nDriver info: org.openqa.selenium.chrome.ChromeDriver\nCommand: [34d0243b1e6c927a1f1850f282fad5ea, clickElement {id=f.93439AF5A93EE82A9D6EFFDACEF1EBC5.d.A3B8C4CDE5202FF762511487DA097329.e.40}]\nCapabilities {acceptInsecureCerts: true, browserName: chrome, browserVersion: 142.0.7444.176, chrome: {chromedriverVersion: 142.0.7444.175 (302067f14a4..., userDataDir: /var/folders/6s/0zrwtqfs36d...}, fedcm:accounts: true, goog:chromeOptions: {debuggerAddress: localhost:49722}, goog:processID: 1789, networkConnectionEnabled: false, pageLoadStrategy: normal, platformName: mac, proxy: Proxy(), se:cdp: ws://localhost:49722/devtoo..., se:cdpVersion: 142.0.7444.176, setWindowRect: true, strictFileInteractability: false, timeouts: {implicit: 0, pageLoad: 300000, script: 30000}, unhandledPromptBehavior: accept, webauthn:extension:credBlob: true, webauthn:extension:largeBlob: true, webauthn:extension:minPinLength: true, webauthn:extension:prf: true, webauthn:virtualAuthenticators: true}\nElement: [[ChromeDriver: chrome on mac (34d0243b1e6c927a1f1850f282fad5ea)] -> xpath: //span[text()='한국어']/parent::span[@data-test='list-item']]\nSession ID: 34d0243b1e6c927a1f1850f282fad5ea\n\tat java.base/jdk.internal.reflect.NativeConstructorAccessorImpl.newInstance0(Native Method)\n\tat java.base/jdk.internal.reflect.NativeConstructorAccessorImpl.newInstance(NativeConstructorAccessorImpl.java:77)\n\tat java.base/jdk.internal.reflect.DelegatingConstructorAccessorImpl.newInstance(DelegatingConstructorAccessorImpl.java:45)\n\tat java.base/java.lang.reflect.Constructor.newInstanceWithCaller(Constructor.java:500)\n\tat java.base/java.lang.reflect.Constructor.newInstance(Constructor.java:481)\n\tat org.openqa.selenium.remote.ErrorCodec.decode(ErrorCodec.java:167)\n\tat org.openqa.selenium.remote.codec.w3c.W3CHttpResponseCodec.decode(W3CHttpResponseCodec.java:138)\n\tat org.openqa.selenium.remote.codec.w3c.W3CHttpResponseCodec.decode(W3CHttpResponseCodec.java:50)\n\tat org.openqa.selenium.remote.HttpCommandExecutor.execute(HttpCommandExecutor.java:190)\n\tat org.openqa.selenium.remote.service.DriverCommandExecutor.invokeExecute(DriverCommandExecutor.java:216)\n\tat org.openqa.selenium.remote.service.DriverCommandExecutor.execute(DriverCommandExecutor.java:174)\n\tat org.openqa.selenium.remote.RemoteWebDriver.execute(RemoteWebDriver.java:545)\n\tat org.openqa.selenium.remote.RemoteWebElement.execute(RemoteWebElement.java:223)\n\tat org.openqa.selenium.remote.RemoteWebElement.click(RemoteWebElement.java:76)\n\tat com.codeborne.selenide.commands.Click.defaultClick(Click.java:94)\n\tat com.codeborne.selenide.commands.Click.doClick(Click.java:72)\n\tat com.codeborne.selenide.commands.Click.click(Click.java:48)\n\tat com.codeborne.selenide.commands.Click.execute(Click.java:28)\n\tat com.codeborne.selenide.FluentCommand.execute(FluentCommand.java:23)\n\tat com.codeborne.selenide.FluentCommand.execute(FluentCommand.java:19)\n\tat com.codeborne.selenide.commands.Commands.execute(Commands.java:159)\n\tat com.codeborne.selenide.impl.SelenideElementProxy.dispatchAndRetry(SelenideElementProxy.java:131)\n\t... 6 more\n"},"stage":"finished","description":"","steps":[{"name":"$(\"open\") https://www.jetbrains.com/","status":"passed","stage":"finished","steps":[{"name":"$(\"webdriver\") create()","status":"passed","stage":"finished","steps":[],"attachments":[],"parameters":[],"start":1764236541373,"stop":1764236542070}],"attachments":[],"parameters":[],"start":1764236541370,"stop":1764236542644},{"name":"$(\"button.ch2-allow-all-btn\") is displayed()","status":"passed","stage":"finished","steps":[],"attachments":[],"parameters":[],"start":1764236542647,"stop":1764236542671},{"name":"$(\"[data-test='language-picker']\") should be(visible)","status":"passed","stage":"finished","steps":[],"attachments":[],"parameters":[],"start":1764236542677,"stop":1764236542688},{"name":"$(\"[data-test='language-picker']\") click()","status":"passed","stage":"finished","steps":[],"attachments":[],"parameters":[],"start":1764236542688,"stop":1764236542749},{"name":"$(\"By.xpath: //span[text()='한국어']/parent::span[@data-test='list-item']\") should be(visible)","status":"passed","stage":"finished","steps":[],"attachments":[],"parameters":[],"start":1764236542749,"stop":1764236542778},{"name":"$(\"By.xpath: //span[text()='한국어']/parent::span[@data-test='list-item']\") click()","status":"failed","statusDetails":{"known":false,"muted":false,"flaky":false,"message":"Invalid element state [By.xpath: //span[text()='한국어']/parent::span[@data-test='list-item']]: element click intercepted: Element <span class=\"wt-list-item wt-list-item_placement_left wt-list-item_mode_cell wt-list-item_size_m wt-list-item_theme_dark wt-language-grid__language wt-language-grid__language_row_3 wt-language-grid__language_column_2\" data-test=\"list-item\">...</span> is not clickable at point (1015, 181). Other element would receive the click: <div class=\"ch2-container ch2-theme-default  ch2-style-light ch2-ea ch2-block\">...</div>\nScreenshot: file:/Users/biancacorreia/Library/CloudStorage/OneDrive-Pessoal/Documentos/LEI/3ºano/1º%20Semestre/Eng.Software/BlackBoxTesting/build/reports/tests/1764236547663.0.png\nPage source: file:/Users/biancacorreia/Library/CloudStorage/OneDrive-Pessoal/Documentos/LEI/3ºano/1º%20Semestre/Eng.Software/BlackBoxTesting/build/reports/tests/1764236547663.0.html\nTimeout: 4 s.\nCaused by: ElementClickInterceptedException: element click intercepted: Element <span class=\"wt-list-item wt-list-item_placement_left wt-list-item_mode_cell wt-list-item_size_m wt-list-item_theme_dark wt-language-grid__language wt-language-grid__language_row_3 wt-language-grid__language_column_2\" data-test=\"list-item\">...</span> is not clickable at point (1015, 181). Other element would receive the click: <div class=\"ch2-container ch2-theme-default  ch2-style-light ch2-ea ch2-block\">...</div>","trace":"Invalid element state [By.xpath: //span[text()='한국어']/parent::span[@data-test='list-item']]: element click intercepted: Element <span class=\"wt-list-item wt-list-item_placement_left wt-list-item_mode_cell wt-list-item_size_m wt-list-item_theme_dark wt-language-grid__language wt-language-grid__language_row_3 wt-language-grid__language_column_2\" data-test=\"list-item\">...</span> is not clickable at point (1015, 181). Other element would receive the click: <div class=\"ch2-container ch2-theme-default  ch2-style-light ch2-ea ch2-block\">...</div>\nScreenshot: file:/Users/biancacorreia/Library/CloudStorage/OneDrive-Pessoal/Documentos/LEI/3ºano/1º%20Semestre/Eng.Software/BlackBoxTesting/build/reports/tests/1764236547663.0.png\nPage source: file:/Users/biancacorreia/Library/CloudStorage/OneDrive-Pessoal/Documentos/LEI/3ºano/1º%20Semestre/Eng.Software/BlackBoxTesting/build/reports/tests/1764236547663.0.html\nTimeout: 4 s.\nCaused by: ElementClickInterceptedException: element click intercepted: Element <span class=\"wt-list-item wt-list-item_placement_left wt-list-item_mode_cell wt-list-item_size_m wt-list-item_theme_dark wt-language-grid__language wt-language-grid__language_row_3 wt-language-grid__language_column_2\" data-test=\"list-item\">...</span> is not clickable at point (1015, 181). Other element would receive the click: <div class=\"ch2-container ch2-theme-default  ch2-style-light ch2-ea ch2-block\">...</div>\n\tat com.codeborne.selenide.impl.ExceptionWrapper.wrap(ExceptionWrapper.java:19)\n\tat com.codeborne.selenide.impl.SelenideElementProxy.dispatchAndRetry(SelenideElementProxy.java:153)\n\tat com.codeborne.selenide.impl.SelenideElementProxy.invoke(SelenideElementProxy.java:83)\n\tat jdk.proxy1/jdk.proxy1.$Proxy11.click(Unknown Source)\n\tat org.example.blackboxtesting.LanguageChangeTest.testLanguageChange(LanguageChangeTest.java:45)\n\tat java.base/jdk.internal.reflect.NativeMethodAccessorImpl.invoke0(Native Method)\n\tat java.base/jdk.internal.reflect.NativeMethodAccessorImpl.invoke(NativeMethodAccessorImpl.java:77)\n\tat java.base/jdk.internal.reflect.DelegatingMethodAccessorImpl.invoke(DelegatingMethodAccessorImpl.java:43)\n\tat java.base/java.lang.reflect.Method.invoke(Method.java:569)\n\tat org.junit.platform.commons.util.ReflectionUtils.invokeMethod(ReflectionUtils.java:767)\n\tat org.junit.jupiter.engine.execution.MethodInvocation.proceed(MethodInvocation.java:60)\n\tat org.junit.jupiter.engine.execution.InvocationInterceptorChain$ValidatingInvocation.proceed(InvocationInterceptorChain.java:131)\n\tat org.junit.jupiter.engine.extension.TimeoutExtension.intercept(TimeoutExtension.java:156)\n\tat org.junit.jupiter.engine.extension.TimeoutExtension.interceptTestableMethod(TimeoutExtension.java:147)\n\tat org.junit.jupiter.engine.extension.TimeoutExtension.interceptTestMethod(TimeoutExtension.java:86)\n\tat org.junit.jupiter.engine.execution.InterceptingExecutableInvoker$ReflectiveInterceptorCall.lambda$ofVoidMethod$0(InterceptingExecutableInvoker.java:103)\n\tat org.junit.jupiter.engine.execution.InterceptingExecutableInvoker.lambda$invoke$0(InterceptingExecutableInvoker.java:93)\n\tat org.junit.jupiter.engine.execution.InvocationInterceptorChain$InterceptedInvocation.proceed(InvocationInterceptorChain.java:106)\n\tat org.junit.jupiter.engine.execution.InvocationInterceptorChain.proceed(InvocationInterceptorChain.java:64)\n\tat org.junit.jupiter.engine.execution.InvocationInterceptorChain.chainAndInvoke(InvocationInterceptorChain.java:45)\n\tat org.junit.jupiter.engine.execution.InvocationInterceptorChain.invoke(InvocationInterceptorChain.java:37)\n\tat org.junit.jupiter.engine.execution.InterceptingExecutableInvoker.invoke(InterceptingExecutableInvoker.java:92)\n\tat org.junit.jupiter.engine.execution.InterceptingExecutableInvoker.invoke(InterceptingExecutableInvoker.java:86)\n\tat org.junit.jupiter.engine.descriptor.TestMethodTestDescriptor.lambda$invokeTestMethod$8(TestMethodTestDescriptor.java:217)\n\tat org.junit.platform.engine.support.hierarchical.ThrowableCollector.execute(ThrowableCollector.java:73)\n\tat org.junit.jupiter.engine.descriptor.TestMethodTestDescriptor.invokeTestMethod(TestMethodTestDescriptor.java:213)\n\tat org.junit.jupiter.engine.descriptor.TestMethodTestDescriptor.execute(TestMethodTestDescriptor.java:138)\n\tat org.junit.jupiter.engine.descriptor.TestMethodTestDescriptor.execute(TestMethodTestDescriptor.java:68)\n\tat org.junit.platform.engine.support.hierarchical.NodeTestTask.lambda$executeRecursively$6(NodeTestTask.java:156)\n\tat org.junit.platform.engine.support.hierarchical.ThrowableCollector.execute(ThrowableCollector.java:73)\n\tat org.junit.platform.engine.support.hierarchical.NodeTestTask.lambda$executeRecursively$8(NodeTestTask.java:146)\n\tat org.junit.platform.engine.support.hierarchical.Node.around(Node.java:137)\n\tat org.junit.platform.engine.support.hierarchical.NodeTestTask.lambda$executeRecursively$9(NodeTestTask.java:144)\n\tat org.junit.platform.engine.support.hierarchical.ThrowableCollector.execute(ThrowableCollector.java:73)\n\tat org.junit.platform.engine.support.hierarchical.NodeTestTask.executeRecursively(NodeTestTask.java:143)\n\tat org.junit.platform.engine.support.hierarchical.NodeTestTask.execute(NodeTestTask.java:100)\n\tat java.base/java.util.ArrayList.forEach(ArrayList.java:1511)\n\tat org.junit.platform.engine.support.hierarchical.SameThreadHierarchicalTestExecutorService.invokeAll(SameThreadHierarchicalTestExecutorService.java:41)\n\tat org.junit.platform.engine.support.hierarchical.NodeTestTask.lambda$executeRecursively$6(NodeTestTask.java:160)\n\tat org.junit.platform.engine.support.hierarchical.ThrowableCollector.execute(ThrowableCollector.java:73)\n\tat org.junit.platform.engine.support.hierarchical.NodeTestTask.lambda$executeRecursively$8(NodeTestTask.java:146)\n\tat org.junit.platform.engine.support.hierarchical.Node.around(Node.java:137)\n\tat org.junit.platform.engine.support.hierarchical.NodeTestTask.lambda$executeRecursively$9(NodeTestTask.java:144)\n\tat org.junit.platform.engine.support.hierarchical.ThrowableCollector.execute(ThrowableCollector.java:73)\n\tat org.junit.platform.engine.support.hierarchical.NodeTestTask.executeRecursively(NodeTestTask.java:143)\n\tat org.junit.platform.engine.support.hierarchical.NodeTestTask.execute(NodeTestTask.java:100)\n\tat java.base/java.util.ArrayList.forEach(ArrayList.java:1511)\n\tat org.junit.platform.engine.support.hierarchical.SameThreadHierarchicalTestExecutorService.invokeAll(SameThreadHierarchicalTestExecutorService.java:41)\n\tat org.junit.platform.engine.support.hierarchical.NodeTestTask.lambda$executeRecursively$6(NodeTestTask.java:160)\n\tat org.junit.platform.engine.support.hierarchical.ThrowableCollector.execute(ThrowableCollector.java:73)\n\tat org.junit.platform.engine.support.hierarchical.NodeTestTask.lambda$executeRecursively$8(NodeTestTask.java:146)\n\tat org.junit.platform.engine.support.hierarchical.Node.around(Node.java:137)\n\tat org.junit.platform.engine.support.hierarchical.NodeTestTask.lambda$executeRecursively$9(NodeTestTask.java:144)\n\tat org.junit.platform.engine.support.hierarchical.ThrowableCollector.execute(ThrowableCollector.java:73)\n\tat org.junit.platform.engine.support.hierarchical.NodeTestTask.executeRecursively(NodeTestTask.java:143)\n\tat org.junit.platform.engine.support.hierarchical.NodeTestTask.execute(NodeTestTask.java:100)\n\tat org.junit.platform.engine.support.hierarchical.SameThreadHierarchicalTestExecutorService.submit(SameThreadHierarchicalTestExecutorService.java:35)\n\tat org.junit.platform.engine.support.hierarchical.HierarchicalTestExecutor.execute(HierarchicalTestExecutor.java:57)\n\tat org.junit.platform.engine.support.hierarchical.HierarchicalTestEngine.execute(HierarchicalTestEngine.java:54)\n\tat org.junit.platform.launcher.core.EngineExecutionOrchestrator.execute(EngineExecutionOrchestrator.java:198)\n\tat org.junit.platform.launcher.core.EngineExecutionOrchestrator.execute(EngineExecutionOrchestrator.java:169)\n\tat org.junit.platform.launcher.core.EngineExecutionOrchestrator.execute(EngineExecutionOrchestrator.java:93)\n\tat org.junit.platform.launcher.core.EngineExecutionOrchestrator.lambda$execute$0(EngineExecutionOrchestrator.java:58)\n\tat org.junit.platform.launcher.core.EngineExecutionOrchestrator.withInterceptedStreams(EngineExecutionOrchestrator.java:141)\n\tat org.junit.platform.launcher.core.EngineExecutionOrchestrator.execute(EngineExecutionOrchestrator.java:57)\n\tat org.junit.platform.launcher.core.DefaultLauncher.execute(DefaultLauncher.java:103)\n\tat org.junit.platform.launcher.core.DefaultLauncher.execute(DefaultLauncher.java:85)\n\tat org.junit.platform.launcher.core.DelegatingLauncher.execute(DelegatingLauncher.java:47)\n\tat org.junit.platform.launcher.core.SessionPerRequestLauncher.execute(SessionPerRequestLauncher.java:63)\n\tat com.intellij.junit5.JUnit5IdeaTestRunner.startRunnerWithArgs(JUnit5IdeaTestRunner.java:66)\n\tat com.intellij.rt.junit.IdeaTestRunner$Repeater$1.execute(IdeaTestRunner.java:38)\n\tat com.intellij.rt.execution.junit.TestsRepeater.repeat(TestsRepeater.java:11)\n\tat com.intellij.rt.junit.IdeaTestRunner$Repeater.startRunnerWithArgs(IdeaTestRunner.java:35)\n\tat com.intellij.rt.junit.JUnitStarter.prepareStreamsAndStart(JUnitStarter.java:237)\n\tat com.intellij.rt.junit.JUnitStarter.main(JUnitStarter.java:58)\nCaused by: org.openqa.selenium.ElementClickInterceptedException: element click intercepted: Element <span class=\"wt-list-item wt-list-item_placement_left wt-list-item_mode_cell wt-list-item_size_m wt-list-item_theme_dark wt-language-grid__language wt-language-grid__language_row_3 wt-language-grid__language_column_2\" data-test=\"list-item\">...</span> is not clickable at point (1015, 181). Other element would receive the click: <div class=\"ch2-container ch2-theme-default  ch2-style-light ch2-ea ch2-block\">...</div>\n  (Session info: chrome=142.0.7444.176)\nBuild info: version: '4.26.0', revision: '8ccf0219d7'\nSystem info: os.name: 'Mac OS X', os.arch: 'aarch64', os.version: '26.1', java.version: '17.0.17'\nDriver info: org.openqa.selenium.chrome.ChromeDriver\nCommand: [34d0243b1e6c927a1f1850f282fad5ea, clickElement {id=f.93439AF5A93EE82A9D6EFFDACEF1EBC5.d.A3B8C4CDE5202FF762511487DA097329.e.40}]\nCapabilities {acceptInsecureCerts: true, browserName: chrome, browserVersion: 142.0.7444.176, chrome: {chromedriverVersion: 142.0.7444.175 (302067f14a4..., userDataDir: /var/folders/6s/0zrwtqfs36d...}, fedcm:accounts: true, goog:chromeOptions: {debuggerAddress: localhost:49722}, goog:processID: 1789, networkConnectionEnabled: false, pageLoadStrategy: normal, platformName: mac, proxy: Proxy(), se:cdp: ws://localhost:49722/devtoo..., se:cdpVersion: 142.0.7444.176, setWindowRect: true, strictFileInteractability: false, timeouts: {implicit: 0, pageLoad: 300000, script: 30000}, unhandledPromptBehavior: accept, webauthn:extension:credBlob: true, webauthn:extension:largeBlob: true, webauthn:extension:minPinLength: true, webauthn:extension:prf: true, webauthn:virtualAuthenticators: true}\nElement: [[ChromeDriver: chrome on mac (34d0243b1e6c927a1f1850f282fad5ea)] -> xpath: //span[text()='한국어']/parent::span[@data-test='list-item']]\nSession ID: 34d0243b1e6c927a1f1850f282fad5ea\n\tat java.base/jdk.internal.reflect.NativeConstructorAccessorImpl.newInstance0(Native Method)\n\tat java.base/jdk.internal.reflect.NativeConstructorAccessorImpl.newInstance(NativeConstructorAccessorImpl.java:77)\n\tat java.base/jdk.internal.reflect.DelegatingConstructorAccessorImpl.newInstance(DelegatingConstructorAccessorImpl.java:45)\n\tat java.base/java.lang.reflect.Constructor.newInstanceWithCaller(Constructor.java:500)\n\tat java.base/java.lang.reflect.Constructor.newInstance(Constructor.java:481)\n\tat org.openqa.selenium.remote.ErrorCodec.decode(ErrorCodec.java:167)\n\tat org.openqa.selenium.remote.codec.w3c.W3CHttpResponseCodec.decode(W3CHttpResponseCodec.java:138)\n\tat org.openqa.selenium.remote.codec.w3c.W3CHttpResponseCodec.decode(W3CHttpResponseCodec.java:50)\n\tat org.openqa.selenium.remote.HttpCommandExecutor.execute(HttpCommandExecutor.java:190)\n\tat org.openqa.selenium.remote.service.DriverCommandExecutor.invokeExecute(DriverCommandExecutor.java:216)\n\tat org.openqa.selenium.remote.service.DriverCommandExecutor.execute(DriverCommandExecutor.java:174)\n\tat org.openqa.selenium.remote.RemoteWebDriver.execute(RemoteWebDriver.java:545)\n\tat org.openqa.selenium.remote.RemoteWebElement.execute(RemoteWebElement.java:223)\n\tat org.openqa.selenium.remote.RemoteWebElement.click(RemoteWebElement.java:76)\n\tat com.codeborne.selenide.commands.Click.defaultClick(Click.java:94)\n\tat com.codeborne.selenide.commands.Click.doClick(Click.java:72)\n\tat com.codeborne.selenide.commands.Click.click(Click.java:48)\n\tat com.codeborne.selenide.commands.Click.execute(Click.java:28)\n\tat com.codeborne.selenide.FluentCommand.execute(FluentCommand.java:23)\n\tat com.codeborne.selenide.FluentCommand.execute(FluentCommand.java:19)\n\tat com.codeborne.selenide.commands.Commands.execute(Commands.java:159)\n\tat com.codeborne.selenide.impl.SelenideElementProxy.dispatchAndRetry(SelenideElementProxy.java:131)\n\t... 73 more\n"},"stage":"finished","steps":[],"attachments":[{"name":"Screenshot","source":"3e4185b5-8da1-4b49-9689-ef5ff261c1ed-attachment.png","type":"image/png"},{"name":"Page source","source":"23a1de7e-5efd-401e-95ed-b661aa4ea1f9-attachment.html","type":"text/html"}],"parameters":[],"start":1764236542778,"stop":1764236547899}],"attachments":[],"parameters":[],"start":1764236541367,"stop":1764236547906}